-------------------------------------------------------------------------------
Test set: com.heima.freemarker.test.FreemarkerTest
-------------------------------------------------------------------------------
Tests run: 1, Failures: 0, Errors: 1, Skipped: 0, Time elapsed: 0.545 s <<< FAILURE! - in com.heima.freemarker.test.FreemarkerTest
test  Time elapsed: 0.102 s  <<< ERROR!
java.io.FileNotFoundException: d:/list.html (No such file or directory)
	at com.heima.freemarker.test.FreemarkerTest.test(FreemarkerTest.java:34)

